<?xml version="1.0" encoding="UTF-8"?>
<testng-results ignored="0" total="1" passed="1" failed="0" skipped="0">
  <reporter-output>
  </reporter-output>
  <suite started-at="2023-01-18T13:11:59 CST" name="Default suite" finished-at="2023-01-18T13:12:01 CST" duration-ms="2524">
    <groups>
    </groups>
    <test started-at="2023-01-18T13:11:59 CST" name="Default test" finished-at="2023-01-18T13:12:01 CST" duration-ms="2524">
      <class name="restassured.PostReq">
        <test-method signature="testCase_Post()[pri:0, instance:restassured.PostReq@4d02f94e]" started-at="2023-01-18T13:11:59 CST" name="testCase_Post" finished-at="2023-01-18T13:12:01 CST" duration-ms="2469" status="PASS">
          <reporter-output>
          </reporter-output>
        </test-method> <!-- testCase_Post -->
      </class> <!-- restassured.PostReq -->
    </test> <!-- Default test -->
  </suite> <!-- Default suite -->
</testng-results>
